\BOOKMARK [0][-]{chapter.1}{Welcome to the Course}{}% 1
\BOOKMARK [1][-]{section.1.1}{Introduction}{chapter.1}% 2
\BOOKMARK [1][-]{section.1.2}{Themes of the Course}{chapter.1}% 3
\BOOKMARK [0][-]{chapter.2}{Geometry}{}% 4
\BOOKMARK [1][-]{section.2.1}{Vectors}{chapter.2}% 5
\BOOKMARK [1][-]{section.2.2}{The Dot Product}{chapter.2}% 6
\BOOKMARK [1][-]{section.2.3}{More Vector Structures}{chapter.2}% 7
\BOOKMARK [1][-]{section.2.4}{Polyhedra in Rn}{chapter.2}% 8
\BOOKMARK [1][-]{section.2.5}{Linear and Affine Subspaces}{chapter.2}% 9
\BOOKMARK [1][-]{section.2.6}{Spans}{chapter.2}% 10
\BOOKMARK [1][-]{section.2.7}{Normals to Planes and Hyperplanes}{chapter.2}% 11
\BOOKMARK [0][-]{chapter.3}{Systems and Dimensions}{}% 12
\BOOKMARK [1][-]{section.3.1}{Systems of Linear Equations}{chapter.3}% 13
\BOOKMARK [1][-]{section.3.2}{Solving by Row Reduction}{chapter.3}% 14
\BOOKMARK [1][-]{section.3.3}{Dimensions of Spans and Loci}{chapter.3}% 15
\BOOKMARK [0][-]{chapter.4}{Linear Transformations}{}% 16
\BOOKMARK [1][-]{section.4.1}{Definitions and Examples}{chapter.4}% 17
\BOOKMARK [1][-]{section.4.2}{Matrices and Transformations}{chapter.4}% 18
\BOOKMARK [1][-]{section.4.3}{Inverse Linear Transforms and Matrix Inversion}{chapter.4}% 19
\BOOKMARK [1][-]{section.4.4}{Transformations of Spans and Loci}{chapter.4}% 20
\BOOKMARK [1][-]{section.4.5}{Kernels and Images}{chapter.4}% 21
\BOOKMARK [0][-]{chapter.5}{Determinants}{}% 22
\BOOKMARK [1][-]{section.5.1}{Definitions}{chapter.5}% 23
\BOOKMARK [1][-]{section.5.2}{Cofactor Expansion}{chapter.5}% 24
\BOOKMARK [1][-]{section.5.3}{Properties of Determinants}{chapter.5}% 25
\BOOKMARK [0][-]{chapter.6}{Using Matrices to Investigate Linear Transformations}{}% 26
\BOOKMARK [1][-]{section.6.1}{Orthogonality and Symmetry}{chapter.6}% 27
\BOOKMARK [1][-]{section.6.2}{Conjugation}{chapter.6}% 28
\BOOKMARK [1][-]{section.6.3}{Eigenvectors, Eigenvalues and Spectra}{chapter.6}% 29
\BOOKMARK [1][-]{section.6.4}{Diagonalization}{chapter.6}% 30
\BOOKMARK [0][-]{chapter.7}{Linear Dynamical Systems}{}% 31
\BOOKMARK [1][-]{section.7.1}{Theory of Dynamical Systems}{chapter.7}% 32
\BOOKMARK [1][-]{section.7.2}{Linear Recurrence Relations}{chapter.7}% 33
\BOOKMARK [1][-]{section.7.3}{Leslie Matrices}{chapter.7}% 34
\BOOKMARK [1][-]{section.7.4}{Stochastic Matrices and Markov Chains}{chapter.7}% 35
