\BOOKMARK [0][-]{chapter.1}{Themes of the Course}{}% 1
\BOOKMARK [0][-]{chapter.2}{Vectors}{}% 2
\BOOKMARK [0][-]{chapter.3}{The Dot Product}{}% 3
\BOOKMARK [0][-]{chapter.4}{More Vector Structures}{}% 4
\BOOKMARK [0][-]{chapter.5}{Polyhedra in Rn}{}% 5
\BOOKMARK [0][-]{chapter.6}{Linear and Affine Subspaces}{}% 6
\BOOKMARK [0][-]{chapter.7}{Spans}{}% 7
\BOOKMARK [0][-]{chapter.8}{Normals to Planes and Hyperplanes}{}% 8
\BOOKMARK [0][-]{chapter.9}{Systems of Linear Equations}{}% 9
\BOOKMARK [0][-]{chapter.10}{Solving by Row Reduction}{}% 10
\BOOKMARK [0][-]{chapter.11}{Dimensions of Spans and Loci}{}% 11
\BOOKMARK [0][-]{chapter.12}{Linear Transformations}{}% 12
\BOOKMARK [0][-]{chapter.13}{Matrix Representation of Linear Transformations}{}% 13
\BOOKMARK [0][-]{chapter.14}{Inverse Linear Transforms and Matrix Inversion}{}% 14
\BOOKMARK [0][-]{chapter.15}{Transformations of Spans and Loci}{}% 15
\BOOKMARK [0][-]{chapter.16}{Kernels and Images}{}% 16
\BOOKMARK [0][-]{chapter.17}{Determinants}{}% 17
\BOOKMARK [0][-]{chapter.18}{Orthogonality and Symmetry}{}% 18
\BOOKMARK [0][-]{chapter.19}{Conjugation}{}% 19
\BOOKMARK [0][-]{chapter.20}{Eigenvectors, Eigenvalues and Spectra}{}% 20
\BOOKMARK [0][-]{chapter.21}{Diagonalization}{}% 21
\BOOKMARK [0][-]{chapter.22}{Linear Dynamical Systems}{}% 22
